<?xml version="1.0" encoding="UTF-8"?>
<!-- Generated by org.testng.reporters.JUnitReportReporter -->
<testsuite skipped="0" hostname="INNO1-6780" name="com.crm.qa.testcases.Argos" tests="1" failures="0" timestamp="22 Feb 2021 17:09:57 GMT" time="10.219" errors="0">
  <testcase name="verifyHomePageTitleTest" time="10.219" classname="com.crm.qa.testcases.Argos"/>
</testsuite> <!-- com.crm.qa.testcases.Argos -->
