<?xml version="1.0" encoding="UTF-8"?>
<!-- Generated by org.testng.reporters.JUnitReportReporter -->
<testsuite skipped="0" hostname="INNO1-6780" name="com.crm.qa.testcases.EmployeeTest" tests="3" failures="0" timestamp="28 Feb 2021 19:11:50 GMT" time="63.098" errors="0">
  <testcase name="VerifyEmployeeNotAdded" time="18.617" classname="com.crm.qa.testcases.EmployeeTest"/>
  <testcase name="VerifyEmployeeDeleted" time="23.547" classname="com.crm.qa.testcases.EmployeeTest"/>
  <testcase name="VerifyAD" time="20.934" classname="com.crm.qa.testcases.EmployeeTest"/>
</testsuite> <!-- com.crm.qa.testcases.EmployeeTest -->
