<?xml version="1.0" encoding="UTF-8"?>
<!-- Generated by org.testng.reporters.JUnitReportReporter -->
<testsuite skipped="0" hostname="INNO1-6780" name="com.crm.qa.testcases.LoginPageTest" tests="1" failures="0" timestamp="14 Feb 2021 12:51:27 GMT" time="42.718" errors="0">
  <testcase name="loginPageTitleTest" time="42.718" classname="com.crm.qa.testcases.LoginPageTest"/>
</testsuite> <!-- com.crm.qa.testcases.LoginPageTest -->
