<?xml version="1.0" encoding="UTF-8"?>
<!-- Generated by org.testng.reporters.JUnitReportReporter -->
<testsuite skipped="0" hostname="INNO1-6780" name="com.crm.qa.testcases.Test" tests="1" failures="0" timestamp="18 Feb 2021 05:18:49 GMT" time="13.115" errors="0">
  <testcase name="NewTest" time="13.115" classname="com.crm.qa.testcases.Test"/>
</testsuite> <!-- com.crm.qa.testcases.Test -->
