<?xml version="1.0" encoding="UTF-8"?>
<!-- Generated by org.testng.reporters.JUnitReportReporter -->
<testsuite skipped="1" hostname="INNO1-6780" name="com.crm.qa.testcases.HomePageTest" tests="5" failures="0" timestamp="14 Feb 2021 12:51:27 GMT" time="206.315" errors="0">
  <testcase name="verifyHomePageTitleTest" time="41.354" classname="com.crm.qa.testcases.HomePageTest"/>
  <testcase name="createandUploadRecording" time="48.920" classname="com.crm.qa.testcases.HomePageTest"/>
  <testcase name="addAgentUsingPost" time="67.861" classname="com.crm.qa.testcases.HomePageTest"/>
  <testcase name="CreateAutoAttendent" time="48.180" classname="com.crm.qa.testcases.HomePageTest"/>
  <testcase name="AssignAutoattendentToNumber" classname="com.crm.qa.testcases.HomePageTest">
    <skipped/>
  </testcase> <!-- AssignAutoattendentToNumber -->
</testsuite> <!-- com.crm.qa.testcases.HomePageTest -->
